rm -rf build-linux
export CMAKE_CXX_STANDARD=11; \
cmake -G "Ninja Multi-Config" -B build-linux -S "." \
-DWEBVIEW_IS_CI=ON \
-DCMAKE_TOOLCHAIN_FILE=cmake/toolchains/host-gnu.cmake \
-DCMAKE_OSX_DEPLOYMENT_TARGET= \
-DWEBVIEW_BUILD_AMALGAMATION=OFF \
-DWEBVIEW_BUILD_DOCS=OFF \
-DWEBVIEW_TOOLCHAIN_EXECUTABLE_SUFFIX=-12 \
-DWEBVIEW_USE_STATIC_MSVC_RUNTIME=OFF \
-DWEBVIEW_ENABLE_CLANG_FORMAT=OFF \
-DWEBVIEW_ENABLE_CLANG_TIDY=OFF \
-DWEBVIEW_STRICT_CLANG_TIDY=ON \
-DWEBVIEW_WEBKITGTK_API=6.0 \
-DWEBVIEW_ENABLE_PACKAGING=OFF \
-DWEBVIEW_PACKAGE_AMALGAMATION=OFF  \
-DWEBVIEW_PACKAGE_DOCS=OFF \
-DWEBVIEW_PACKAGE_HEADERS=ON  \
-DWEBVIEW_PACKAGE_LIB=OFF \
-DWEBVIEW_LOG_TRACE=ON \
-DWEBVIEW_LOG=ON
-- The C compiler identification is GNU 12.2.0
-- The CXX compiler identification is GNU 12.2.0
-- Detecting C compiler ABI info
-- Detecting C compiler ABI info - done
-- Check for working C compiler: /usr/bin/gcc-12 - skipped
-- Detecting C compile features
-- Detecting C compile features - done
-- Detecting CXX compiler ABI info
-- Detecting CXX compiler ABI info - done
-- Check for working CXX compiler: /usr/bin/g++-12 - skipped
-- Detecting CXX compile features
-- Detecting CXX compile features - done
-- Found PkgConfig: /usr/bin/pkg-config (found version "1.8.1") 
-- Checking for module 'webkitgtk-6.0'
--   Found webkitgtk-6.0, version 2.48.1
-- Checking for module 'gtk4'
--   Found gtk4, version 4.8.3
-- Performing Test CMAKE_HAVE_LIBC_PTHREAD
-- Performing Test CMAKE_HAVE_LIBC_PTHREAD - Success
-- Found Threads: TRUE  
-- Configuring done
-- Generating done
-- Build files have been written to: /home/michaeladmin/code/fork/webview/build-linux
cmake --build build-linux --config Debug
[1/19] Building CXX object core/tests/CMakeFiles/webview_core_functional_tests.dir/Debug/src/functional_tests.cc.o
FAILED: core/tests/CMakeFiles/webview_core_functional_tests.dir/Debug/src/functional_tests.cc.o 
/usr/bin/g++-12 -DCMAKE_INTDIR=\"Debug\" -I/home/michaeladmin/code/fork/webview/core/include -I/home/michaeladmin/code/fork/webview/test_driver/include -isystem /usr/include/webkitgtk-6.0 -isystem /usr/include/glib-2.0 -isystem /usr/lib/x86_64-linux-gnu/glib-2.0/include -isystem /usr/include/gtk-4.0 -isystem /usr/include/pango-1.0 -isystem /usr/include/harfbuzz -isystem /usr/include/freetype2 -isystem /usr/include/libpng16 -isystem /usr/include/libmount -isystem /usr/include/blkid -isystem /usr/include/fribidi -isystem /usr/include/cairo -isystem /usr/include/pixman-1 -isystem /usr/include/gdk-pixbuf-2.0 -isystem /usr/include/graphene-1.0 -isystem /usr/lib/x86_64-linux-gnu/graphene-1.0/include -isystem /usr/include/libsoup-3.0 -isystem /usr/include/sysprof-4 -g -fvisibility=hidden -fvisibility-inlines-hidden -Wall -Wextra -Wpedantic -mfpmath=sse -msse -msse2 -pthread -std=c++11 -MD -MT core/tests/CMakeFiles/webview_core_functional_tests.dir/Debug/src/functional_tests.cc.o -MF core/tests/CMakeFiles/webview_core_functional_tests.dir/Debug/src/functional_tests.cc.o.d -o core/tests/CMakeFiles/webview_core_functional_tests.dir/Debug/src/functional_tests.cc.o -c /home/michaeladmin/code/fork/webview/core/tests/src/functional_tests.cc
/home/michaeladmin/code/fork/webview/core/tests/src/functional_tests.cc:1:10: fatal error: webview/webview/test_driver.hh: No such file or directory
    1 | #include "webview/webview/test_driver.hh"
      |          ^~~~~~~~~~~~~~~~~~~~~~~~~~~~~~~~
compilation terminated.
[2/19] Building CXX object core/CMakeFiles/webview_core_static.dir/Debug/src/webview.cc.o
[3/19] Building CXX object core/CMakeFiles/webview_core_shared.dir/Debug/src/webview.cc.o
[4/19] Building C object examples/CMakeFiles/webview_example_basic_c.dir/Debug/basic.c.o
[5/19] Building C object examples/CMakeFiles/webview_example_bind_c.dir/Debug/bind.c.o
[6/19] Building CXX object examples/CMakeFiles/webview_example_basic_cc.dir/Debug/basic.cc.o
FAILED: examples/CMakeFiles/webview_example_basic_cc.dir/Debug/basic.cc.o 
/usr/bin/g++-12 -DCMAKE_INTDIR=\"Debug\" -I/home/michaeladmin/code/fork/webview/core/include -isystem /usr/include/webkitgtk-6.0 -isystem /usr/include/glib-2.0 -isystem /usr/lib/x86_64-linux-gnu/glib-2.0/include -isystem /usr/include/gtk-4.0 -isystem /usr/include/pango-1.0 -isystem /usr/include/harfbuzz -isystem /usr/include/freetype2 -isystem /usr/include/libpng16 -isystem /usr/include/libmount -isystem /usr/include/blkid -isystem /usr/include/fribidi -isystem /usr/include/cairo -isystem /usr/include/pixman-1 -isystem /usr/include/gdk-pixbuf-2.0 -isystem /usr/include/graphene-1.0 -isystem /usr/lib/x86_64-linux-gnu/graphene-1.0/include -isystem /usr/include/libsoup-3.0 -isystem /usr/include/sysprof-4 -g -fvisibility=hidden -fvisibility-inlines-hidden -Wall -Wextra -Wpedantic -mfpmath=sse -msse -msse2 -pthread -std=c++11 -MD -MT examples/CMakeFiles/webview_example_basic_cc.dir/Debug/basic.cc.o -MF examples/CMakeFiles/webview_example_basic_cc.dir/Debug/basic.cc.o.d -o examples/CMakeFiles/webview_example_basic_cc.dir/Debug/basic.cc.o -c /home/michaeladmin/code/fork/webview/examples/basic.cc
/home/michaeladmin/code/fork/webview/examples/basic.cc: In function ‘int main()’:
/home/michaeladmin/code/fork/webview/examples/basic.cc:12:5: error: ‘webview’ has not been declared
   12 |     webview::webview w(false, nullptr);
      |     ^~~~~~~
/home/michaeladmin/code/fork/webview/examples/basic.cc:13:5: error: ‘w’ was not declared in this scope
   13 |     w.set_title("Basic Example");
      |     ^
/home/michaeladmin/code/fork/webview/examples/basic.cc:17:18: error: ISO C++ forbids declaration of ‘webview’ with no type [-fpermissive]
   17 |   } catch (const webview::exception &e) {
      |                  ^~~~~~~
/home/michaeladmin/code/fork/webview/examples/basic.cc:17:25: error: expected ‘)’ before ‘::’ token
   17 |   } catch (const webview::exception &e) {
      |           ~             ^~
      |                         )
/home/michaeladmin/code/fork/webview/examples/basic.cc:17:25: error: expected ‘{’ before ‘::’ token
   17 |   } catch (const webview::exception &e) {
      |                         ^~
/home/michaeladmin/code/fork/webview/examples/basic.cc:17:27: error: ‘::exception’ has not been declared; did you mean ‘std::exception’?
   17 |   } catch (const webview::exception &e) {
      |                           ^~~~~~~~~
      |                           std::exception
In file included from /usr/include/c++/12/exception:38,
                 from /usr/include/c++/12/ios:39,
                 from /usr/include/c++/12/ostream:38,
                 from /usr/include/c++/12/iostream:39,
                 from /home/michaeladmin/code/fork/webview/examples/basic.cc:3:
/usr/include/c++/12/bits/exception.h:61:9: note: ‘std::exception’ declared here
   61 |   class exception
      |         ^~~~~~~~~
/home/michaeladmin/code/fork/webview/examples/basic.cc:17:38: error: ‘e’ was not declared in this scope
   17 |   } catch (const webview::exception &e) {
      |                                      ^
[7/19] Building CXX object examples/CMakeFiles/webview_example_bind_cc.dir/Debug/bind.cc.o
FAILED: examples/CMakeFiles/webview_example_bind_cc.dir/Debug/bind.cc.o 
/usr/bin/g++-12 -DCMAKE_INTDIR=\"Debug\" -I/home/michaeladmin/code/fork/webview/core/include -isystem /usr/include/webkitgtk-6.0 -isystem /usr/include/glib-2.0 -isystem /usr/lib/x86_64-linux-gnu/glib-2.0/include -isystem /usr/include/gtk-4.0 -isystem /usr/include/pango-1.0 -isystem /usr/include/harfbuzz -isystem /usr/include/freetype2 -isystem /usr/include/libpng16 -isystem /usr/include/libmount -isystem /usr/include/blkid -isystem /usr/include/fribidi -isystem /usr/include/cairo -isystem /usr/include/pixman-1 -isystem /usr/include/gdk-pixbuf-2.0 -isystem /usr/include/graphene-1.0 -isystem /usr/lib/x86_64-linux-gnu/graphene-1.0/include -isystem /usr/include/libsoup-3.0 -isystem /usr/include/sysprof-4 -g -fvisibility=hidden -fvisibility-inlines-hidden -Wall -Wextra -Wpedantic -mfpmath=sse -msse -msse2 -pthread -std=c++11 -MD -MT examples/CMakeFiles/webview_example_bind_cc.dir/Debug/bind.cc.o -MF examples/CMakeFiles/webview_example_bind_cc.dir/Debug/bind.cc.o.d -o examples/CMakeFiles/webview_example_bind_cc.dir/Debug/bind.cc.o -c /home/michaeladmin/code/fork/webview/examples/bind.cc
/home/michaeladmin/code/fork/webview/examples/bind.cc: In function ‘int main()’:
/home/michaeladmin/code/fork/webview/examples/bind.cc:50:5: error: ‘webview’ has not been declared
   50 |     webview::webview w(true, nullptr);
      |     ^~~~~~~
/home/michaeladmin/code/fork/webview/examples/bind.cc:51:5: error: ‘w’ was not declared in this scope
   51 |     w.set_title("Bind Example");
      |     ^
/home/michaeladmin/code/fork/webview/examples/bind.cc:78:18: error: ISO C++ forbids declaration of ‘webview’ with no type [-fpermissive]
   78 |   } catch (const webview::exception &e) {
      |                  ^~~~~~~
/home/michaeladmin/code/fork/webview/examples/bind.cc:78:25: error: expected ‘)’ before ‘::’ token
   78 |   } catch (const webview::exception &e) {
      |           ~             ^~
      |                         )
/home/michaeladmin/code/fork/webview/examples/bind.cc:78:25: error: expected ‘{’ before ‘::’ token
   78 |   } catch (const webview::exception &e) {
      |                         ^~
/home/michaeladmin/code/fork/webview/examples/bind.cc:78:27: error: ‘::exception’ has not been declared; did you mean ‘std::exception’?
   78 |   } catch (const webview::exception &e) {
      |                           ^~~~~~~~~
      |                           std::exception
In file included from /usr/include/c++/12/exception:38,
                 from /usr/include/c++/12/ios:39,
                 from /usr/include/c++/12/ostream:38,
                 from /usr/include/c++/12/iostream:39,
                 from /home/michaeladmin/code/fork/webview/examples/bind.cc:4:
/usr/include/c++/12/bits/exception.h:61:9: note: ‘std::exception’ declared here
   61 |   class exception
      |         ^~~~~~~~~
/home/michaeladmin/code/fork/webview/examples/bind.cc:78:38: error: ‘e’ was not declared in this scope
   78 |   } catch (const webview::exception &e) {
      |                                      ^
[8/19] Building CXX object core/tests/CMakeFiles/webview_core_unit_tests.dir/Debug/src/unit_tests.cc.o
FAILED: core/tests/CMakeFiles/webview_core_unit_tests.dir/Debug/src/unit_tests.cc.o 
/usr/bin/g++-12 -DCMAKE_INTDIR=\"Debug\" -I/home/michaeladmin/code/fork/webview/core/include -I/home/michaeladmin/code/fork/webview/test_driver/include -isystem /usr/include/webkitgtk-6.0 -isystem /usr/include/glib-2.0 -isystem /usr/lib/x86_64-linux-gnu/glib-2.0/include -isystem /usr/include/gtk-4.0 -isystem /usr/include/pango-1.0 -isystem /usr/include/harfbuzz -isystem /usr/include/freetype2 -isystem /usr/include/libpng16 -isystem /usr/include/libmount -isystem /usr/include/blkid -isystem /usr/include/fribidi -isystem /usr/include/cairo -isystem /usr/include/pixman-1 -isystem /usr/include/gdk-pixbuf-2.0 -isystem /usr/include/graphene-1.0 -isystem /usr/lib/x86_64-linux-gnu/graphene-1.0/include -isystem /usr/include/libsoup-3.0 -isystem /usr/include/sysprof-4 -g -fvisibility=hidden -fvisibility-inlines-hidden -Wall -Wextra -Wpedantic -mfpmath=sse -msse -msse2 -pthread -std=c++11 -MD -MT core/tests/CMakeFiles/webview_core_unit_tests.dir/Debug/src/unit_tests.cc.o -MF core/tests/CMakeFiles/webview_core_unit_tests.dir/Debug/src/unit_tests.cc.o.d -o core/tests/CMakeFiles/webview_core_unit_tests.dir/Debug/src/unit_tests.cc.o -c /home/michaeladmin/code/fork/webview/core/tests/src/unit_tests.cc
/home/michaeladmin/code/fork/webview/core/tests/src/unit_tests.cc: In function ‘void webview_test_driver_case_4()’:
/home/michaeladmin/code/fork/webview/core/tests/src/unit_tests.cc:5:21: error: ‘webview::detail’ has not been declared
    5 |   auto J = webview::detail::json_parse;
      |                     ^~~~~~
/home/michaeladmin/code/fork/webview/core/tests/src/unit_tests.cc: In function ‘void webview_test_driver_case_39()’:
/home/michaeladmin/code/fork/webview/core/tests/src/unit_tests.cc:40:18: error: ‘webview::detail’ has not been declared
   40 |   using webview::detail::json_escape;
      |                  ^~~~~~
In file included from /home/michaeladmin/code/fork/webview/core/tests/src/unit_tests.cc:1:
/home/michaeladmin/code/fork/webview/core/tests/src/unit_tests.cc:43:11: error: ‘json_escape’ was not declared in this scope
   43 |   REQUIRE(json_escape("hello") == "\"hello\"");
      |           ^~~~~~~~~~~
/home/michaeladmin/code/fork/webview/test_driver/include/test_driver.hh:90:26: note: in definition of macro ‘REQUIRE’
   90 |   if (!static_cast<bool>(condition)) {                                         \
      |                          ^~~~~~~~~
/home/michaeladmin/code/fork/webview/core/tests/src/unit_tests.cc:45:11: error: ‘json_escape’ was not declared in this scope
   45 |   REQUIRE(json_escape("hello", false) == "hello");
      |           ^~~~~~~~~~~
/home/michaeladmin/code/fork/webview/test_driver/include/test_driver.hh:90:26: note: in definition of macro ‘REQUIRE’
   90 |   if (!static_cast<bool>(condition)) {                                         \
      |                          ^~~~~~~~~
/home/michaeladmin/code/fork/webview/core/tests/src/unit_tests.cc:47:11: error: ‘json_escape’ was not declared in this scope
   47 |   REQUIRE(json_escape("", false).empty());
      |           ^~~~~~~~~~~
/home/michaeladmin/code/fork/webview/test_driver/include/test_driver.hh:90:26: note: in definition of macro ‘REQUIRE’
   90 |   if (!static_cast<bool>(condition)) {                                         \
      |                          ^~~~~~~~~
/home/michaeladmin/code/fork/webview/core/tests/src/unit_tests.cc:49:11: error: ‘json_escape’ was not declared in this scope
   49 |   REQUIRE(json_escape("\"", false) == "\\\"");
      |           ^~~~~~~~~~~
/home/michaeladmin/code/fork/webview/test_driver/include/test_driver.hh:90:26: note: in definition of macro ‘REQUIRE’
   90 |   if (!static_cast<bool>(condition)) {                                         \
      |                          ^~~~~~~~~
/home/michaeladmin/code/fork/webview/core/tests/src/unit_tests.cc:50:11: error: ‘json_escape’ was not declared in this scope
   50 |   REQUIRE(json_escape("\\", false) == "\\\\");
      |           ^~~~~~~~~~~
/home/michaeladmin/code/fork/webview/test_driver/include/test_driver.hh:90:26: note: in definition of macro ‘REQUIRE’
   90 |   if (!static_cast<bool>(condition)) {                                         \
      |                          ^~~~~~~~~
/home/michaeladmin/code/fork/webview/core/tests/src/unit_tests.cc:52:11: error: ‘json_escape’ was not declared in this scope
   52 |   REQUIRE(json_escape("\b\f\n\r\t", false) == "\\b\\f\\n\\r\\t");
      |           ^~~~~~~~~~~
/home/michaeladmin/code/fork/webview/test_driver/include/test_driver.hh:90:26: note: in definition of macro ‘REQUIRE’
   90 |   if (!static_cast<bool>(condition)) {                                         \
      |                          ^~~~~~~~~
/home/michaeladmin/code/fork/webview/core/tests/src/unit_tests.cc:54:11: error: ‘json_escape’ was not declared in this scope
   54 |   REQUIRE(json_escape(std::string{"\0\x1f", 2}, false) == "\\u0000\\u001f");
      |           ^~~~~~~~~~~
/home/michaeladmin/code/fork/webview/test_driver/include/test_driver.hh:90:26: note: in definition of macro ‘REQUIRE’
   90 |   if (!static_cast<bool>(condition)) {                                         \
      |                          ^~~~~~~~~
/home/michaeladmin/code/fork/webview/core/tests/src/unit_tests.cc:56:11: error: ‘json_escape’ was not declared in this scope
   56 |   REQUIRE(json_escape("\x20\x7e\x7f", false) == "\x20\x7e\x7f");
      |           ^~~~~~~~~~~
/home/michaeladmin/code/fork/webview/test_driver/include/test_driver.hh:90:26: note: in definition of macro ‘REQUIRE’
   90 |   if (!static_cast<bool>(condition)) {                                         \
      |                          ^~~~~~~~~
/home/michaeladmin/code/fork/webview/core/tests/src/unit_tests.cc:58:11: error: ‘json_escape’ was not declared in this scope
   58 |   REQUIRE(json_escape("\u2328", false) == "\u2328");
      |           ^~~~~~~~~~~
/home/michaeladmin/code/fork/webview/test_driver/include/test_driver.hh:90:26: note: in definition of macro ‘REQUIRE’
   90 |   if (!static_cast<bool>(condition)) {                                         \
      |                          ^~~~~~~~~
/home/michaeladmin/code/fork/webview/core/tests/src/unit_tests.cc:59:11: error: ‘json_escape’ was not declared in this scope
   59 |   REQUIRE(json_escape("フーバー", false) == "フーバー");
      |           ^~~~~~~~~~~
/home/michaeladmin/code/fork/webview/test_driver/include/test_driver.hh:90:26: note: in definition of macro ‘REQUIRE’
   90 |   if (!static_cast<bool>(condition)) {                                         \
      |                          ^~~~~~~~~
/home/michaeladmin/code/fork/webview/core/tests/src/unit_tests.cc:61:11: error: ‘json_escape’ was not declared in this scope
   61 |   REQUIRE(json_escape("�", false) == "�");
      |           ^~~~~~~~~~~
/home/michaeladmin/code/fork/webview/test_driver/include/test_driver.hh:90:26: note: in definition of macro ‘REQUIRE’
   90 |   if (!static_cast<bool>(condition)) {                                         \
      |                          ^~~~~~~~~
/home/michaeladmin/code/fork/webview/core/tests/src/unit_tests.cc:63:11: error: ‘json_escape’ was not declared in this scope
   63 |   REQUIRE(json_escape("\x80\x9f\xa0\xff", false) == "\x80\x9f\xa0\xff");
      |           ^~~~~~~~~~~
/home/michaeladmin/code/fork/webview/test_driver/include/test_driver.hh:90:26: note: in definition of macro ‘REQUIRE’
   90 |   if (!static_cast<bool>(condition)) {                                         \
      |                          ^~~~~~~~~
/home/michaeladmin/code/fork/webview/core/tests/src/unit_tests.cc:66:11: error: ‘json_escape’ was not declared in this scope
   66 |   REQUIRE(json_escape(R"(alert("gotcha"))", false) == expected_gotcha);
      |           ^~~~~~~~~~~
/home/michaeladmin/code/fork/webview/test_driver/include/test_driver.hh:90:26: note: in definition of macro ‘REQUIRE’
   90 |   if (!static_cast<bool>(condition)) {                                         \
      |                          ^~~~~~~~~
/home/michaeladmin/code/fork/webview/core/tests/src/unit_tests.cc: In function ‘void webview_test_driver_case_69()’:
/home/michaeladmin/code/fork/webview/core/tests/src/unit_tests.cc:70:28: error: ‘detail’ is not a namespace-name
   70 |   using namespace webview::detail;
      |                            ^~~~~~
/home/michaeladmin/code/fork/webview/core/tests/src/unit_tests.cc:72:12: error: ‘optional’ was not declared in this scope
   72 |   REQUIRE(!optional<int>{}.has_value());
      |            ^~~~~~~~
/home/michaeladmin/code/fork/webview/test_driver/include/test_driver.hh:90:26: note: in definition of macro ‘REQUIRE’
   90 |   if (!static_cast<bool>(condition)) {                                         \
      |                          ^~~~~~~~~
/home/michaeladmin/code/fork/webview/core/tests/src/unit_tests.cc:72:21: error: expected primary-expression before ‘int’
   72 |   REQUIRE(!optional<int>{}.has_value());
      |                     ^~~
/home/michaeladmin/code/fork/webview/test_driver/include/test_driver.hh:90:26: note: in definition of macro ‘REQUIRE’
   90 |   if (!static_cast<bool>(condition)) {                                         \
      |                          ^~~~~~~~~
/home/michaeladmin/code/fork/webview/core/tests/src/unit_tests.cc:72:20: warning: logical not is only applied to the left hand side of comparison [-Wlogical-not-parentheses]
   72 |   REQUIRE(!optional<int>{}.has_value());
      |                    ^
/home/michaeladmin/code/fork/webview/test_driver/include/test_driver.hh:90:26: note: in definition of macro ‘REQUIRE’
   90 |   if (!static_cast<bool>(condition)) {                                         \
      |                          ^~~~~~~~~
/home/michaeladmin/code/fork/webview/core/tests/src/unit_tests.cc:72:21: error: expected ‘)’ before ‘int’
   72 |   REQUIRE(!optional<int>{}.has_value());
      |                     ^~~
/home/michaeladmin/code/fork/webview/test_driver/include/test_driver.hh:90:26: note: in definition of macro ‘REQUIRE’
   90 |   if (!static_cast<bool>(condition)) {                                         \
      |                          ^~~~~~~~~
/home/michaeladmin/code/fork/webview/core/tests/src/unit_tests.cc:72:21: error: expected ‘)’ before ‘int’
   72 |   REQUIRE(!optional<int>{}.has_value());
      |                     ^~~
/home/michaeladmin/code/fork/webview/test_driver/include/test_driver.hh:90:26: note: in definition of macro ‘REQUIRE’
   90 |   if (!static_cast<bool>(condition)) {                                         \
      |                          ^~~~~~~~~
/home/michaeladmin/code/fork/webview/test_driver/include/test_driver.hh:90:6: note: to match this ‘(’
   90 |   if (!static_cast<bool>(condition)) {                                         \
      |      ^
/home/michaeladmin/code/fork/webview/core/tests/src/unit_tests.cc:72:3: note: in expansion of macro ‘REQUIRE’
   72 |   REQUIRE(!optional<int>{}.has_value());
      |   ^~~~~~~
/home/michaeladmin/code/fork/webview/test_driver/include/test_driver.hh:90:36: error: expected primary-expression before ‘)’ token
   90 |   if (!static_cast<bool>(condition)) {                                         \
      |                                    ^
/home/michaeladmin/code/fork/webview/core/tests/src/unit_tests.cc:72:3: note: in expansion of macro ‘REQUIRE’
   72 |   REQUIRE(!optional<int>{}.has_value());
      |   ^~~~~~~
/home/michaeladmin/code/fork/webview/core/tests/src/unit_tests.cc:73:11: error: ‘optional’ was not declared in this scope
   73 |   REQUIRE(optional<int>{1}.has_value());
      |           ^~~~~~~~
/home/michaeladmin/code/fork/webview/test_driver/include/test_driver.hh:90:26: note: in definition of macro ‘REQUIRE’
   90 |   if (!static_cast<bool>(condition)) {                                         \
      |                          ^~~~~~~~~
/home/michaeladmin/code/fork/webview/core/tests/src/unit_tests.cc:73:20: error: expected primary-expression before ‘int’
   73 |   REQUIRE(optional<int>{1}.has_value());
      |                    ^~~
/home/michaeladmin/code/fork/webview/test_driver/include/test_driver.hh:90:26: note: in definition of macro ‘REQUIRE’
   90 |   if (!static_cast<bool>(condition)) {                                         \
      |                          ^~~~~~~~~
/home/michaeladmin/code/fork/webview/core/tests/src/unit_tests.cc:73:20: error: expected ‘)’ before ‘int’
   73 |   REQUIRE(optional<int>{1}.has_value());
      |                    ^~~
/home/michaeladmin/code/fork/webview/test_driver/include/test_driver.hh:90:26: note: in definition of macro ‘REQUIRE’
   90 |   if (!static_cast<bool>(condition)) {                                         \
      |                          ^~~~~~~~~
/home/michaeladmin/code/fork/webview/core/tests/src/unit_tests.cc:73:20: error: expected ‘)’ before ‘int’
   73 |   REQUIRE(optional<int>{1}.has_value());
      |                    ^~~
/home/michaeladmin/code/fork/webview/test_driver/include/test_driver.hh:90:26: note: in definition of macro ‘REQUIRE’
   90 |   if (!static_cast<bool>(condition)) {                                         \
      |                          ^~~~~~~~~
/home/michaeladmin/code/fork/webview/test_driver/include/test_driver.hh:90:6: note: to match this ‘(’
   90 |   if (!static_cast<bool>(condition)) {                                         \
      |      ^
/home/michaeladmin/code/fork/webview/core/tests/src/unit_tests.cc:73:3: note: in expansion of macro ‘REQUIRE’
   73 |   REQUIRE(optional<int>{1}.has_value());
      |   ^~~~~~~
/home/michaeladmin/code/fork/webview/test_driver/include/test_driver.hh:90:36: error: expected primary-expression before ‘)’ token
   90 |   if (!static_cast<bool>(condition)) {                                         \
      |                                    ^
/home/michaeladmin/code/fork/webview/core/tests/src/unit_tests.cc:73:3: note: in expansion of macro ‘REQUIRE’
   73 |   REQUIRE(optional<int>{1}.has_value());
      |   ^~~~~~~
/home/michaeladmin/code/fork/webview/core/tests/src/unit_tests.cc:74:11: error: ‘optional’ was not declared in this scope
   74 |   REQUIRE(optional<int>{1}.get() == 1);
      |           ^~~~~~~~
/home/michaeladmin/code/fork/webview/test_driver/include/test_driver.hh:90:26: note: in definition of macro ‘REQUIRE’
   90 |   if (!static_cast<bool>(condition)) {                                         \
      |                          ^~~~~~~~~
/home/michaeladmin/code/fork/webview/core/tests/src/unit_tests.cc:74:20: error: expected primary-expression before ‘int’
   74 |   REQUIRE(optional<int>{1}.get() == 1);
      |                    ^~~
/home/michaeladmin/code/fork/webview/test_driver/include/test_driver.hh:90:26: note: in definition of macro ‘REQUIRE’
   90 |   if (!static_cast<bool>(condition)) {                                         \
      |                          ^~~~~~~~~
/home/michaeladmin/code/fork/webview/core/tests/src/unit_tests.cc:74:20: error: expected ‘)’ before ‘int’
   74 |   REQUIRE(optional<int>{1}.get() == 1);
      |                    ^~~
/home/michaeladmin/code/fork/webview/test_driver/include/test_driver.hh:90:26: note: in definition of macro ‘REQUIRE’
   90 |   if (!static_cast<bool>(condition)) {                                         \
      |                          ^~~~~~~~~
/home/michaeladmin/code/fork/webview/core/tests/src/unit_tests.cc:74:20: error: expected ‘)’ before ‘int’
   74 |   REQUIRE(optional<int>{1}.get() == 1);
      |                    ^~~
/home/michaeladmin/code/fork/webview/test_driver/include/test_driver.hh:90:26: note: in definition of macro ‘REQUIRE’
   90 |   if (!static_cast<bool>(condition)) {                                         \
      |                          ^~~~~~~~~
/home/michaeladmin/code/fork/webview/test_driver/include/test_driver.hh:90:6: note: to match this ‘(’
   90 |   if (!static_cast<bool>(condition)) {                                         \
      |      ^
/home/michaeladmin/code/fork/webview/core/tests/src/unit_tests.cc:74:3: note: in expansion of macro ‘REQUIRE’
   74 |   REQUIRE(optional<int>{1}.get() == 1);
      |   ^~~~~~~
/home/michaeladmin/code/fork/webview/test_driver/include/test_driver.hh:90:36: error: expected primary-expression before ‘)’ token
   90 |   if (!static_cast<bool>(condition)) {                                         \
      |                                    ^
/home/michaeladmin/code/fork/webview/core/tests/src/unit_tests.cc:74:3: note: in expansion of macro ‘REQUIRE’
   74 |   REQUIRE(optional<int>{1}.get() == 1);
      |   ^~~~~~~
/home/michaeladmin/code/fork/webview/core/tests/src/unit_tests.cc: In lambda function:
/home/michaeladmin/code/fork/webview/core/tests/src/unit_tests.cc:76:34: error: ‘optional’ was not declared in this scope
   76 |   REQUIRE_THROW(bad_access, [] { optional<int>{}.get(); });
      |                                  ^~~~~~~~
/home/michaeladmin/code/fork/webview/test_driver/include/test_driver.hh:105:7: note: in definition of macro ‘REQUIRE_THROW’
  105 |       fn();                                                                    \
      |       ^~
/home/michaeladmin/code/fork/webview/core/tests/src/unit_tests.cc:76:43: error: expected primary-expression before ‘int’
   76 |   REQUIRE_THROW(bad_access, [] { optional<int>{}.get(); });
      |                                           ^~~
/home/michaeladmin/code/fork/webview/test_driver/include/test_driver.hh:105:7: note: in definition of macro ‘REQUIRE_THROW’
  105 |       fn();                                                                    \
      |       ^~
/home/michaeladmin/code/fork/webview/core/tests/src/unit_tests.cc:76:49: error: expected primary-expression before ‘.’ token
   76 |   REQUIRE_THROW(bad_access, [] { optional<int>{}.get(); });
      |                                                 ^
/home/michaeladmin/code/fork/webview/test_driver/include/test_driver.hh:105:7: note: in definition of macro ‘REQUIRE_THROW’
  105 |       fn();                                                                    \
      |       ^~
/home/michaeladmin/code/fork/webview/core/tests/src/unit_tests.cc: In function ‘void webview_test_driver_case_69()’:
/home/michaeladmin/code/fork/webview/core/tests/src/unit_tests.cc:76:17: error: ISO C++ forbids declaration of ‘bad_access’ with no type [-fpermissive]
   76 |   REQUIRE_THROW(bad_access, [] { optional<int>{}.get(); });
      |                 ^~~~~~~~~~
/home/michaeladmin/code/fork/webview/test_driver/include/test_driver.hh:106:20: note: in definition of macro ‘REQUIRE_THROW’
  106 |     } catch (const exception &) {                                              \
      |                    ^~~~~~~~~
/home/michaeladmin/code/fork/webview/test_driver/include/test_driver.hh:106:30: error: expected ‘)’ before ‘&’ token
  106 |     } catch (const exception &) {                                              \
      |             ~                ^
/home/michaeladmin/code/fork/webview/core/tests/src/unit_tests.cc:76:3: note: in expansion of macro ‘REQUIRE_THROW’
   76 |   REQUIRE_THROW(bad_access, [] { optional<int>{}.get(); });
      |   ^~~~~~~~~~~~~
/home/michaeladmin/code/fork/webview/test_driver/include/test_driver.hh:106:30: error: expected ‘{’ before ‘&’ token
  106 |     } catch (const exception &) {                                              \
      |                              ^
/home/michaeladmin/code/fork/webview/core/tests/src/unit_tests.cc:76:3: note: in expansion of macro ‘REQUIRE_THROW’
   76 |   REQUIRE_THROW(bad_access, [] { optional<int>{}.get(); });
      |   ^~~~~~~~~~~~~
/home/michaeladmin/code/fork/webview/test_driver/include/test_driver.hh:106:31: error: expected primary-expression before ‘)’ token
  106 |     } catch (const exception &) {                                              \
      |                               ^
/home/michaeladmin/code/fork/webview/core/tests/src/unit_tests.cc:76:3: note: in expansion of macro ‘REQUIRE_THROW’
   76 |   REQUIRE_THROW(bad_access, [] { optional<int>{}.get(); });
      |   ^~~~~~~~~~~~~
/home/michaeladmin/code/fork/webview/core/tests/src/unit_tests.cc:78:12: error: ‘optional’ was not declared in this scope
   78 |   REQUIRE(!optional<int>{optional<int>{}}.has_value());
      |            ^~~~~~~~
/home/michaeladmin/code/fork/webview/test_driver/include/test_driver.hh:90:26: note: in definition of macro ‘REQUIRE’
   90 |   if (!static_cast<bool>(condition)) {                                         \
      |                          ^~~~~~~~~
/home/michaeladmin/code/fork/webview/core/tests/src/unit_tests.cc:78:21: error: expected primary-expression before ‘int’
   78 |   REQUIRE(!optional<int>{optional<int>{}}.has_value());
      |                     ^~~
/home/michaeladmin/code/fork/webview/test_driver/include/test_driver.hh:90:26: note: in definition of macro ‘REQUIRE’
   90 |   if (!static_cast<bool>(condition)) {                                         \
      |                          ^~~~~~~~~
/home/michaeladmin/code/fork/webview/core/tests/src/unit_tests.cc:78:20: warning: logical not is only applied to the left hand side of comparison [-Wlogical-not-parentheses]
   78 |   REQUIRE(!optional<int>{optional<int>{}}.has_value());
      |                    ^
/home/michaeladmin/code/fork/webview/test_driver/include/test_driver.hh:90:26: note: in definition of macro ‘REQUIRE’
   90 |   if (!static_cast<bool>(condition)) {                                         \
      |                          ^~~~~~~~~
/home/michaeladmin/code/fork/webview/core/tests/src/unit_tests.cc:78:21: error: expected ‘)’ before ‘int’
   78 |   REQUIRE(!optional<int>{optional<int>{}}.has_value());
      |                     ^~~
/home/michaeladmin/code/fork/webview/test_driver/include/test_driver.hh:90:26: note: in definition of macro ‘REQUIRE’
   90 |   if (!static_cast<bool>(condition)) {                                         \
      |                          ^~~~~~~~~
/home/michaeladmin/code/fork/webview/core/tests/src/unit_tests.cc:78:21: error: expected ‘)’ before ‘int’
   78 |   REQUIRE(!optional<int>{optional<int>{}}.has_value());
      |                     ^~~
/home/michaeladmin/code/fork/webview/test_driver/include/test_driver.hh:90:26: note: in definition of macro ‘REQUIRE’
   90 |   if (!static_cast<bool>(condition)) {                                         \
      |                          ^~~~~~~~~
/home/michaeladmin/code/fork/webview/test_driver/include/test_driver.hh:90:6: note: to match this ‘(’
   90 |   if (!static_cast<bool>(condition)) {                                         \
      |      ^
/home/michaeladmin/code/fork/webview/core/tests/src/unit_tests.cc:78:3: note: in expansion of macro ‘REQUIRE’
   78 |   REQUIRE(!optional<int>{optional<int>{}}.has_value());
      |   ^~~~~~~
/home/michaeladmin/code/fork/webview/test_driver/include/test_driver.hh:90:36: error: expected primary-expression before ‘)’ token
   90 |   if (!static_cast<bool>(condition)) {                                         \
      |                                    ^
/home/michaeladmin/code/fork/webview/core/tests/src/unit_tests.cc:78:3: note: in expansion of macro ‘REQUIRE’
   78 |   REQUIRE(!optional<int>{optional<int>{}}.has_value());
      |   ^~~~~~~
/home/michaeladmin/code/fork/webview/core/tests/src/unit_tests.cc:79:11: error: ‘optional’ was not declared in this scope
   79 |   REQUIRE(optional<int>{optional<int>{1}}.has_value());
      |           ^~~~~~~~
/home/michaeladmin/code/fork/webview/test_driver/include/test_driver.hh:90:26: note: in definition of macro ‘REQUIRE’
   90 |   if (!static_cast<bool>(condition)) {                                         \
      |                          ^~~~~~~~~
/home/michaeladmin/code/fork/webview/core/tests/src/unit_tests.cc:79:20: error: expected primary-expression before ‘int’
   79 |   REQUIRE(optional<int>{optional<int>{1}}.has_value());
      |                    ^~~
/home/michaeladmin/code/fork/webview/test_driver/include/test_driver.hh:90:26: note: in definition of macro ‘REQUIRE’
   90 |   if (!static_cast<bool>(condition)) {                                         \
      |                          ^~~~~~~~~
/home/michaeladmin/code/fork/webview/core/tests/src/unit_tests.cc:79:20: error: expected ‘)’ before ‘int’
   79 |   REQUIRE(optional<int>{optional<int>{1}}.has_value());
      |                    ^~~
/home/michaeladmin/code/fork/webview/test_driver/include/test_driver.hh:90:26: note: in definition of macro ‘REQUIRE’
   90 |   if (!static_cast<bool>(condition)) {                                         \
      |                          ^~~~~~~~~
/home/michaeladmin/code/fork/webview/core/tests/src/unit_tests.cc:79:20: error: expected ‘)’ before ‘int’
   79 |   REQUIRE(optional<int>{optional<int>{1}}.has_value());
      |                    ^~~
/home/michaeladmin/code/fork/webview/test_driver/include/test_driver.hh:90:26: note: in definition of macro ‘REQUIRE’
   90 |   if (!static_cast<bool>(condition)) {                                         \
      |                          ^~~~~~~~~
/home/michaeladmin/code/fork/webview/test_driver/include/test_driver.hh:90:6: note: to match this ‘(’
   90 |   if (!static_cast<bool>(condition)) {                                         \
      |      ^
/home/michaeladmin/code/fork/webview/core/tests/src/unit_tests.cc:79:3: note: in expansion of macro ‘REQUIRE’
   79 |   REQUIRE(optional<int>{optional<int>{1}}.has_value());
      |   ^~~~~~~
/home/michaeladmin/code/fork/webview/test_driver/include/test_driver.hh:90:36: error: expected primary-expression before ‘)’ token
   90 |   if (!static_cast<bool>(condition)) {                                         \
      |                                    ^
/home/michaeladmin/code/fork/webview/core/tests/src/unit_tests.cc:79:3: note: in expansion of macro ‘REQUIRE’
   79 |   REQUIRE(optional<int>{optional<int>{1}}.has_value());
      |   ^~~~~~~
/home/michaeladmin/code/fork/webview/core/tests/src/unit_tests.cc:80:11: error: ‘optional’ was not declared in this scope
   80 |   REQUIRE(optional<int>{optional<int>{1}}.get() == 1);
      |           ^~~~~~~~
/home/michaeladmin/code/fork/webview/test_driver/include/test_driver.hh:90:26: note: in definition of macro ‘REQUIRE’
   90 |   if (!static_cast<bool>(condition)) {                                         \
      |                          ^~~~~~~~~
/home/michaeladmin/code/fork/webview/core/tests/src/unit_tests.cc:80:20: error: expected primary-expression before ‘int’
   80 |   REQUIRE(optional<int>{optional<int>{1}}.get() == 1);
      |                    ^~~
/home/michaeladmin/code/fork/webview/test_driver/include/test_driver.hh:90:26: note: in definition of macro ‘REQUIRE’
   90 |   if (!static_cast<bool>(condition)) {                                         \
      |                          ^~~~~~~~~
/home/michaeladmin/code/fork/webview/core/tests/src/unit_tests.cc:80:20: error: expected ‘)’ before ‘int’
   80 |   REQUIRE(optional<int>{optional<int>{1}}.get() == 1);
      |                    ^~~
/home/michaeladmin/code/fork/webview/test_driver/include/test_driver.hh:90:26: note: in definition of macro ‘REQUIRE’
   90 |   if (!static_cast<bool>(condition)) {                                         \
      |                          ^~~~~~~~~
/home/michaeladmin/code/fork/webview/core/tests/src/unit_tests.cc:80:20: error: expected ‘)’ before ‘int’
   80 |   REQUIRE(optional<int>{optional<int>{1}}.get() == 1);
      |                    ^~~
/home/michaeladmin/code/fork/webview/test_driver/include/test_driver.hh:90:26: note: in definition of macro ‘REQUIRE’
   90 |   if (!static_cast<bool>(condition)) {                                         \
      |                          ^~~~~~~~~
/home/michaeladmin/code/fork/webview/test_driver/include/test_driver.hh:90:6: note: to match this ‘(’
   90 |   if (!static_cast<bool>(condition)) {                                         \
      |      ^
/home/michaeladmin/code/fork/webview/core/tests/src/unit_tests.cc:80:3: note: in expansion of macro ‘REQUIRE’
   80 |   REQUIRE(optional<int>{optional<int>{1}}.get() == 1);
      |   ^~~~~~~
/home/michaeladmin/code/fork/webview/test_driver/include/test_driver.hh:90:36: error: expected primary-expression before ‘)’ token
   90 |   if (!static_cast<bool>(condition)) {                                         \
      |                                    ^
/home/michaeladmin/code/fork/webview/core/tests/src/unit_tests.cc:80:3: note: in expansion of macro ‘REQUIRE’
   80 |   REQUIRE(optional<int>{optional<int>{1}}.get() == 1);
      |   ^~~~~~~
/home/michaeladmin/code/fork/webview/core/tests/src/unit_tests.cc: In function ‘void webview_test_driver_case_83()’:
/home/michaeladmin/code/fork/webview/core/tests/src/unit_tests.cc:84:28: error: ‘detail’ is not a namespace-name
   84 |   using namespace webview::detail;
      |                            ^~~~~~
/home/michaeladmin/code/fork/webview/core/tests/src/unit_tests.cc:87:11: error: ‘result’ was not declared in this scope
   87 |   REQUIRE(result<int>{}.has_value());
      |           ^~~~~~
/home/michaeladmin/code/fork/webview/test_driver/include/test_driver.hh:90:26: note: in definition of macro ‘REQUIRE’
   90 |   if (!static_cast<bool>(condition)) {                                         \
      |                          ^~~~~~~~~
/home/michaeladmin/code/fork/webview/core/tests/src/unit_tests.cc:87:18: error: expected primary-expression before ‘int’
   87 |   REQUIRE(result<int>{}.has_value());
      |                  ^~~
/home/michaeladmin/code/fork/webview/test_driver/include/test_driver.hh:90:26: note: in definition of macro ‘REQUIRE’
   90 |   if (!static_cast<bool>(condition)) {                                         \
      |                          ^~~~~~~~~
/home/michaeladmin/code/fork/webview/core/tests/src/unit_tests.cc:87:18: error: expected ‘)’ before ‘int’
   87 |   REQUIRE(result<int>{}.has_value());
      |                  ^~~
/home/michaeladmin/code/fork/webview/test_driver/include/test_driver.hh:90:26: note: in definition of macro ‘REQUIRE’
   90 |   if (!static_cast<bool>(condition)) {                                         \
      |                          ^~~~~~~~~
/home/michaeladmin/code/fork/webview/core/tests/src/unit_tests.cc:87:18: error: expected ‘)’ before ‘int’
   87 |   REQUIRE(result<int>{}.has_value());
      |                  ^~~
/home/michaeladmin/code/fork/webview/test_driver/include/test_driver.hh:90:26: note: in definition of macro ‘REQUIRE’
   90 |   if (!static_cast<bool>(condition)) {                                         \
      |                          ^~~~~~~~~
/home/michaeladmin/code/fork/webview/test_driver/include/test_driver.hh:90:6: note: to match this ‘(’
   90 |   if (!static_cast<bool>(condition)) {                                         \
      |      ^
/home/michaeladmin/code/fork/webview/core/tests/src/unit_tests.cc:87:3: note: in expansion of macro ‘REQUIRE’
   87 |   REQUIRE(result<int>{}.has_value());
      |   ^~~~~~~
/home/michaeladmin/code/fork/webview/test_driver/include/test_driver.hh:90:36: error: expected primary-expression before ‘)’ token
   90 |   if (!static_cast<bool>(condition)) {                                         \
      |                                    ^
/home/michaeladmin/code/fork/webview/core/tests/src/unit_tests.cc:87:3: note: in expansion of macro ‘REQUIRE’
   87 |   REQUIRE(result<int>{}.has_value());
      |   ^~~~~~~
/home/michaeladmin/code/fork/webview/core/tests/src/unit_tests.cc:88:11: error: ‘result’ was not declared in this scope
   88 |   REQUIRE(result<int>{}.value() == 0);
      |           ^~~~~~
/home/michaeladmin/code/fork/webview/test_driver/include/test_driver.hh:90:26: note: in definition of macro ‘REQUIRE’
   90 |   if (!static_cast<bool>(condition)) {                                         \
      |                          ^~~~~~~~~
/home/michaeladmin/code/fork/webview/core/tests/src/unit_tests.cc:88:18: error: expected primary-expression before ‘int’
   88 |   REQUIRE(result<int>{}.value() == 0);
      |                  ^~~
/home/michaeladmin/code/fork/webview/test_driver/include/test_driver.hh:90:26: note: in definition of macro ‘REQUIRE’
   90 |   if (!static_cast<bool>(condition)) {                                         \
      |                          ^~~~~~~~~
/home/michaeladmin/code/fork/webview/core/tests/src/unit_tests.cc:88:18: error: expected ‘)’ before ‘int’
   88 |   REQUIRE(result<int>{}.value() == 0);
      |                  ^~~
/home/michaeladmin/code/fork/webview/test_driver/include/test_driver.hh:90:26: note: in definition of macro ‘REQUIRE’
   90 |   if (!static_cast<bool>(condition)) {                                         \
      |                          ^~~~~~~~~
/home/michaeladmin/code/fork/webview/core/tests/src/unit_tests.cc:88:18: error: expected ‘)’ before ‘int’
   88 |   REQUIRE(result<int>{}.value() == 0);
      |                  ^~~
/home/michaeladmin/code/fork/webview/test_driver/include/test_driver.hh:90:26: note: in definition of macro ‘REQUIRE’
   90 |   if (!static_cast<bool>(condition)) {                                         \
      |                          ^~~~~~~~~
/home/michaeladmin/code/fork/webview/test_driver/include/test_driver.hh:90:6: note: to match this ‘(’
   90 |   if (!static_cast<bool>(condition)) {                                         \
      |      ^
/home/michaeladmin/code/fork/webview/core/tests/src/unit_tests.cc:88:3: note: in expansion of macro ‘REQUIRE’
   88 |   REQUIRE(result<int>{}.value() == 0);
      |   ^~~~~~~
/home/michaeladmin/code/fork/webview/test_driver/include/test_driver.hh:90:36: error: expected primary-expression before ‘)’ token
   90 |   if (!static_cast<bool>(condition)) {                                         \
      |                                    ^
/home/michaeladmin/code/fork/webview/core/tests/src/unit_tests.cc:88:3: note: in expansion of macro ‘REQUIRE’
   88 |   REQUIRE(result<int>{}.value() == 0);
      |   ^~~~~~~
/home/michaeladmin/code/fork/webview/core/tests/src/unit_tests.cc:89:11: error: ‘result’ was not declared in this scope
   89 |   REQUIRE(result<int>{1}.has_value());
      |           ^~~~~~
/home/michaeladmin/code/fork/webview/test_driver/include/test_driver.hh:90:26: note: in definition of macro ‘REQUIRE’
   90 |   if (!static_cast<bool>(condition)) {                                         \
      |                          ^~~~~~~~~
/home/michaeladmin/code/fork/webview/core/tests/src/unit_tests.cc:89:18: error: expected primary-expression before ‘int’
   89 |   REQUIRE(result<int>{1}.has_value());
      |                  ^~~
/home/michaeladmin/code/fork/webview/test_driver/include/test_driver.hh:90:26: note: in definition of macro ‘REQUIRE’
   90 |   if (!static_cast<bool>(condition)) {                                         \
      |                          ^~~~~~~~~
/home/michaeladmin/code/fork/webview/core/tests/src/unit_tests.cc:89:18: error: expected ‘)’ before ‘int’
   89 |   REQUIRE(result<int>{1}.has_value());
      |                  ^~~
/home/michaeladmin/code/fork/webview/test_driver/include/test_driver.hh:90:26: note: in definition of macro ‘REQUIRE’
   90 |   if (!static_cast<bool>(condition)) {                                         \
      |                          ^~~~~~~~~
/home/michaeladmin/code/fork/webview/core/tests/src/unit_tests.cc:89:18: error: expected ‘)’ before ‘int’
   89 |   REQUIRE(result<int>{1}.has_value());
      |                  ^~~
/home/michaeladmin/code/fork/webview/test_driver/include/test_driver.hh:90:26: note: in definition of macro ‘REQUIRE’
   90 |   if (!static_cast<bool>(condition)) {                                         \
      |                          ^~~~~~~~~
/home/michaeladmin/code/fork/webview/test_driver/include/test_driver.hh:90:6: note: to match this ‘(’
   90 |   if (!static_cast<bool>(condition)) {                                         \
      |      ^
/home/michaeladmin/code/fork/webview/core/tests/src/unit_tests.cc:89:3: note: in expansion of macro ‘REQUIRE’
   89 |   REQUIRE(result<int>{1}.has_value());
      |   ^~~~~~~
/home/michaeladmin/code/fork/webview/test_driver/include/test_driver.hh:90:36: error: expected primary-expression before ‘)’ token
   90 |   if (!static_cast<bool>(condition)) {                                         \
      |                                    ^
/home/michaeladmin/code/fork/webview/core/tests/src/unit_tests.cc:89:3: note: in expansion of macro ‘REQUIRE’
   89 |   REQUIRE(result<int>{1}.has_value());
      |   ^~~~~~~
/home/michaeladmin/code/fork/webview/core/tests/src/unit_tests.cc:90:11: error: ‘result’ was not declared in this scope
   90 |   REQUIRE(result<int>{1}.value() == 1);
      |           ^~~~~~
/home/michaeladmin/code/fork/webview/core/tests/src/unit_tests.cc:90:3: note: in expansion of macro ‘REQUIRE’
   90 |   REQUIRE(result<int>{1}.value() == 1);
      |   ^~~~~~~
/home/michaeladmin/code/fork/webview/core/tests/src/unit_tests.cc:90:18: error: expected primary-expression before ‘int’
   90 |   REQUIRE(result<int>{1}.value() == 1);
      |                  ^~~
/home/michaeladmin/code/fork/webview/core/tests/src/unit_tests.cc:90:3: note: in expansion of macro ‘REQUIRE’
   90 |   REQUIRE(result<int>{1}.value() == 1);
      |   ^~~~~~~
/home/michaeladmin/code/fork/webview/core/tests/src/unit_tests.cc:90:18: error: expected ‘)’ before ‘int’
   90 |   REQUIRE(result<int>{1}.value() == 1);
      |                  ^~~
/home/michaeladmin/code/fork/webview/core/tests/src/unit_tests.cc:90:3: note: in expansion of macro ‘REQUIRE’
   90 |   REQUIRE(result<int>{1}.value() == 1);
      |   ^~~~~~~
/home/michaeladmin/code/fork/webview/core/tests/src/unit_tests.cc:90:18: error: expected ‘)’ before ‘int’
   90 |   REQUIRE(result<int>{1}.value() == 1);
      |                  ^~~
/home/michaeladmin/code/fork/webview/core/tests/src/unit_tests.cc:90:3: note: in expansion of macro ‘REQUIRE’
   90 |   REQUIRE(result<int>{1}.value() == 1);
      |   ^~~~~~~
/home/michaeladmin/code/fork/webview/test_driver/include/test_driver.hh:90:6: note: to match this ‘(’
   90 |   if (!static_cast<bool>(condition)) {                                         \
      |      ^
/home/michaeladmin/code/fork/webview/core/tests/src/unit_tests.cc:90:3: note: in expansion of macro ‘REQUIRE’
   90 |   REQUIRE(result<int>{1}.value() == 1);
      |   ^~~~~~~
/home/michaeladmin/code/fork/webview/test_driver/include/test_driver.hh:90:36: error: expected primary-expression before ‘)’ token
   90 |   if (!static_cast<bool>(condition)) {                                         \
      |                                    ^
/home/michaeladmin/code/fork/webview/core/tests/src/unit_tests.cc:90:3: note: in expansion of macro ‘REQUIRE’
   90 |   REQUIRE(result<int>{1}.value() == 1);
      |   ^~~~~~~
/home/michaeladmin/code/fork/webview/core/tests/src/unit_tests.cc:91:12: error: ‘result’ was not declared in this scope
   91 |   REQUIRE(!result<int>{}.has_error());
      |            ^~~~~~
/home/michaeladmin/code/fork/webview/test_driver/include/test_driver.hh:90:26: note: in definition of macro ‘REQUIRE’
   90 |   if (!static_cast<bool>(condition)) {                                         \
      |                          ^~~~~~~~~
/home/michaeladmin/code/fork/webview/core/tests/src/unit_tests.cc:91:19: error: expected primary-expression before ‘int’
   91 |   REQUIRE(!result<int>{}.has_error());
      |                   ^~~
/home/michaeladmin/code/fork/webview/test_driver/include/test_driver.hh:90:26: note: in definition of macro ‘REQUIRE’
   90 |   if (!static_cast<bool>(condition)) {                                         \
      |                          ^~~~~~~~~
/home/michaeladmin/code/fork/webview/core/tests/src/unit_tests.cc:91:18: warning: logical not is only applied to the left hand side of comparison [-Wlogical-not-parentheses]
   91 |   REQUIRE(!result<int>{}.has_error());
      |                  ^
/home/michaeladmin/code/fork/webview/test_driver/include/test_driver.hh:90:26: note: in definition of macro ‘REQUIRE’
   90 |   if (!static_cast<bool>(condition)) {                                         \
      |                          ^~~~~~~~~
/home/michaeladmin/code/fork/webview/core/tests/src/unit_tests.cc:91:19: error: expected ‘)’ before ‘int’
   91 |   REQUIRE(!result<int>{}.has_error());
      |                   ^~~
/home/michaeladmin/code/fork/webview/test_driver/include/test_driver.hh:90:26: note: in definition of macro ‘REQUIRE’
   90 |   if (!static_cast<bool>(condition)) {                                         \
      |                          ^~~~~~~~~
/home/michaeladmin/code/fork/webview/core/tests/src/unit_tests.cc:91:19: error: expected ‘)’ before ‘int’
   91 |   REQUIRE(!result<int>{}.has_error());
      |                   ^~~
/home/michaeladmin/code/fork/webview/test_driver/include/test_driver.hh:90:26: note: in definition of macro ‘REQUIRE’
   90 |   if (!static_cast<bool>(condition)) {                                         \
      |                          ^~~~~~~~~
/home/michaeladmin/code/fork/webview/test_driver/include/test_driver.hh:90:6: note: to match this ‘(’
   90 |   if (!static_cast<bool>(condition)) {                                         \
      |      ^
/home/michaeladmin/code/fork/webview/core/tests/src/unit_tests.cc:91:3: note: in expansion of macro ‘REQUIRE’
   91 |   REQUIRE(!result<int>{}.has_error());
      |   ^~~~~~~
/home/michaeladmin/code/fork/webview/test_driver/include/test_driver.hh:90:36: error: expected primary-expression before ‘)’ token
   90 |   if (!static_cast<bool>(condition)) {                                         \
      |                                    ^
/home/michaeladmin/code/fork/webview/core/tests/src/unit_tests.cc:91:3: note: in expansion of macro ‘REQUIRE’
   91 |   REQUIRE(!result<int>{}.has_error());
      |   ^~~~~~~
/home/michaeladmin/code/fork/webview/core/tests/src/unit_tests.cc:92:12: error: ‘result’ was not declared in this scope
   92 |   REQUIRE(!result<int>{1}.has_error());
      |            ^~~~~~
/home/michaeladmin/code/fork/webview/test_driver/include/test_driver.hh:90:26: note: in definition of macro ‘REQUIRE’
   90 |   if (!static_cast<bool>(condition)) {                                         \
      |                          ^~~~~~~~~
/home/michaeladmin/code/fork/webview/core/tests/src/unit_tests.cc:92:19: error: expected primary-expression before ‘int’
   92 |   REQUIRE(!result<int>{1}.has_error());
      |                   ^~~
/home/michaeladmin/code/fork/webview/test_driver/include/test_driver.hh:90:26: note: in definition of macro ‘REQUIRE’
   90 |   if (!static_cast<bool>(condition)) {                                         \
      |                          ^~~~~~~~~
/home/michaeladmin/code/fork/webview/core/tests/src/unit_tests.cc:92:18: warning: logical not is only applied to the left hand side of comparison [-Wlogical-not-parentheses]
   92 |   REQUIRE(!result<int>{1}.has_error());
      |                  ^
/home/michaeladmin/code/fork/webview/test_driver/include/test_driver.hh:90:26: note: in definition of macro ‘REQUIRE’
   90 |   if (!static_cast<bool>(condition)) {                                         \
      |                          ^~~~~~~~~
/home/michaeladmin/code/fork/webview/core/tests/src/unit_tests.cc:92:19: error: expected ‘)’ before ‘int’
   92 |   REQUIRE(!result<int>{1}.has_error());
      |                   ^~~
/home/michaeladmin/code/fork/webview/test_driver/include/test_driver.hh:90:26: note: in definition of macro ‘REQUIRE’
   90 |   if (!static_cast<bool>(condition)) {                                         \
      |                          ^~~~~~~~~
/home/michaeladmin/code/fork/webview/core/tests/src/unit_tests.cc:92:19: error: expected ‘)’ before ‘int’
   92 |   REQUIRE(!result<int>{1}.has_error());
      |                   ^~~
/home/michaeladmin/code/fork/webview/test_driver/include/test_driver.hh:90:26: note: in definition of macro ‘REQUIRE’
   90 |   if (!static_cast<bool>(condition)) {                                         \
      |                          ^~~~~~~~~
/home/michaeladmin/code/fork/webview/test_driver/include/test_driver.hh:90:6: note: to match this ‘(’
   90 |   if (!static_cast<bool>(condition)) {                                         \
      |      ^
/home/michaeladmin/code/fork/webview/core/tests/src/unit_tests.cc:92:3: note: in expansion of macro ‘REQUIRE’
   92 |   REQUIRE(!result<int>{1}.has_error());
      |   ^~~~~~~
/home/michaeladmin/code/fork/webview/test_driver/include/test_driver.hh:90:36: error: expected primary-expression before ‘)’ token
   90 |   if (!static_cast<bool>(condition)) {                                         \
      |                                    ^
/home/michaeladmin/code/fork/webview/core/tests/src/unit_tests.cc:92:3: note: in expansion of macro ‘REQUIRE’
   92 |   REQUIRE(!result<int>{1}.has_error());
      |   ^~~~~~~
/home/michaeladmin/code/fork/webview/core/tests/src/unit_tests.cc:93:11: error: ‘result’ was not declared in this scope
   93 |   REQUIRE(result<int>{}.ok());
      |           ^~~~~~
/home/michaeladmin/code/fork/webview/test_driver/include/test_driver.hh:90:26: note: in definition of macro ‘REQUIRE’
   90 |   if (!static_cast<bool>(condition)) {                                         \
      |                          ^~~~~~~~~
/home/michaeladmin/code/fork/webview/core/tests/src/unit_tests.cc:93:18: error: expected primary-expression before ‘int’
   93 |   REQUIRE(result<int>{}.ok());
      |                  ^~~
/home/michaeladmin/code/fork/webview/test_driver/include/test_driver.hh:90:26: note: in definition of macro ‘REQUIRE’
   90 |   if (!static_cast<bool>(condition)) {                                         \
      |                          ^~~~~~~~~
/home/michaeladmin/code/fork/webview/core/tests/src/unit_tests.cc:93:18: error: expected ‘)’ before ‘int’
   93 |   REQUIRE(result<int>{}.ok());
      |                  ^~~
/home/michaeladmin/code/fork/webview/test_driver/include/test_driver.hh:90:26: note: in definition of macro ‘REQUIRE’
   90 |   if (!static_cast<bool>(condition)) {                                         \
      |                          ^~~~~~~~~
/home/michaeladmin/code/fork/webview/core/tests/src/unit_tests.cc:93:18: error: expected ‘)’ before ‘int’
   93 |   REQUIRE(result<int>{}.ok());
      |                  ^~~
/home/michaeladmin/code/fork/webview/test_driver/include/test_driver.hh:90:26: note: in definition of macro ‘REQUIRE’
   90 |   if (!static_cast<bool>(condition)) {                                         \
      |                          ^~~~~~~~~
/home/michaeladmin/code/fork/webview/test_driver/include/test_driver.hh:90:6: note: to match this ‘(’
   90 |   if (!static_cast<bool>(condition)) {                                         \
      |      ^
/home/michaeladmin/code/fork/webview/core/tests/src/unit_tests.cc:93:3: note: in expansion of macro ‘REQUIRE’
   93 |   REQUIRE(result<int>{}.ok());
      |   ^~~~~~~
/home/michaeladmin/code/fork/webview/test_driver/include/test_driver.hh:90:36: error: expected primary-expression before ‘)’ token
   90 |   if (!static_cast<bool>(condition)) {                                         \
      |                                    ^
/home/michaeladmin/code/fork/webview/core/tests/src/unit_tests.cc:93:3: note: in expansion of macro ‘REQUIRE’
   93 |   REQUIRE(result<int>{}.ok());
      |   ^~~~~~~
/home/michaeladmin/code/fork/webview/core/tests/src/unit_tests.cc:94:11: error: ‘result’ was not declared in this scope
   94 |   REQUIRE(result<int>{1}.ok());
      |           ^~~~~~
/home/michaeladmin/code/fork/webview/test_driver/include/test_driver.hh:90:26: note: in definition of macro ‘REQUIRE’
   90 |   if (!static_cast<bool>(condition)) {                                         \
      |                          ^~~~~~~~~
/home/michaeladmin/code/fork/webview/core/tests/src/unit_tests.cc:94:18: error: expected primary-expression before ‘int’
   94 |   REQUIRE(result<int>{1}.ok());
      |                  ^~~
/home/michaeladmin/code/fork/webview/test_driver/include/test_driver.hh:90:26: note: in definition of macro ‘REQUIRE’
   90 |   if (!static_cast<bool>(condition)) {                                         \
      |                          ^~~~~~~~~
/home/michaeladmin/code/fork/webview/core/tests/src/unit_tests.cc:94:18: error: expected ‘)’ before ‘int’
   94 |   REQUIRE(result<int>{1}.ok());
      |                  ^~~
/home/michaeladmin/code/fork/webview/test_driver/include/test_driver.hh:90:26: note: in definition of macro ‘REQUIRE’
   90 |   if (!static_cast<bool>(condition)) {                                         \
      |                          ^~~~~~~~~
/home/michaeladmin/code/fork/webview/core/tests/src/unit_tests.cc:94:18: error: expected ‘)’ before ‘int’
   94 |   REQUIRE(result<int>{1}.ok());
      |                  ^~~
/home/michaeladmin/code/fork/webview/test_driver/include/test_driver.hh:90:26: note: in definition of macro ‘REQUIRE’
   90 |   if (!static_cast<bool>(condition)) {                                         \
      |                          ^~~~~~~~~
/home/michaeladmin/code/fork/webview/test_driver/include/test_driver.hh:90:6: note: to match this ‘(’
   90 |   if (!static_cast<bool>(condition)) {                                         \
      |      ^
/home/michaeladmin/code/fork/webview/core/tests/src/unit_tests.cc:94:3: note: in expansion of macro ‘REQUIRE’
   94 |   REQUIRE(result<int>{1}.ok());
      |   ^~~~~~~
/home/michaeladmin/code/fork/webview/test_driver/include/test_driver.hh:90:36: error: expected primary-expression before ‘)’ token
   90 |   if (!static_cast<bool>(condition)) {                                         \
      |                                    ^
/home/michaeladmin/code/fork/webview/core/tests/src/unit_tests.cc:94:3: note: in expansion of macro ‘REQUIRE’
   94 |   REQUIRE(result<int>{1}.ok());
      |   ^~~~~~~
/home/michaeladmin/code/fork/webview/core/tests/src/unit_tests.cc:95:12: error: ‘result’ was not declared in this scope
   95 |   REQUIRE(!result<int>{error_info{}}.ok());
      |            ^~~~~~
/home/michaeladmin/code/fork/webview/test_driver/include/test_driver.hh:90:26: note: in definition of macro ‘REQUIRE’
   90 |   if (!static_cast<bool>(condition)) {                                         \
      |                          ^~~~~~~~~
/home/michaeladmin/code/fork/webview/core/tests/src/unit_tests.cc:95:19: error: expected primary-expression before ‘int’
   95 |   REQUIRE(!result<int>{error_info{}}.ok());
      |                   ^~~
/home/michaeladmin/code/fork/webview/test_driver/include/test_driver.hh:90:26: note: in definition of macro ‘REQUIRE’
   90 |   if (!static_cast<bool>(condition)) {                                         \
      |                          ^~~~~~~~~
/home/michaeladmin/code/fork/webview/core/tests/src/unit_tests.cc:95:18: warning: logical not is only applied to the left hand side of comparison [-Wlogical-not-parentheses]
   95 |   REQUIRE(!result<int>{error_info{}}.ok());
      |                  ^
/home/michaeladmin/code/fork/webview/test_driver/include/test_driver.hh:90:26: note: in definition of macro ‘REQUIRE’
   90 |   if (!static_cast<bool>(condition)) {                                         \
      |                          ^~~~~~~~~
/home/michaeladmin/code/fork/webview/core/tests/src/unit_tests.cc:95:19: error: expected ‘)’ before ‘int’
   95 |   REQUIRE(!result<int>{error_info{}}.ok());
      |                   ^~~
/home/michaeladmin/code/fork/webview/test_driver/include/test_driver.hh:90:26: note: in definition of macro ‘REQUIRE’
   90 |   if (!static_cast<bool>(condition)) {                                         \
      |                          ^~~~~~~~~
/home/michaeladmin/code/fork/webview/core/tests/src/unit_tests.cc:95:19: error: expected ‘)’ before ‘int’
   95 |   REQUIRE(!result<int>{error_info{}}.ok());
      |                   ^~~
/home/michaeladmin/code/fork/webview/test_driver/include/test_driver.hh:90:26: note: in definition of macro ‘REQUIRE’
   90 |   if (!static_cast<bool>(condition)) {                                         \
      |                          ^~~~~~~~~
/home/michaeladmin/code/fork/webview/test_driver/include/test_driver.hh:90:6: note: to match this ‘(’
   90 |   if (!static_cast<bool>(condition)) {                                         \
      |      ^
/home/michaeladmin/code/fork/webview/core/tests/src/unit_tests.cc:95:3: note: in expansion of macro ‘REQUIRE’
   95 |   REQUIRE(!result<int>{error_info{}}.ok());
      |   ^~~~~~~
/home/michaeladmin/code/fork/webview/test_driver/include/test_driver.hh:90:36: error: expected primary-expression before ‘)’ token
   90 |   if (!static_cast<bool>(condition)) {                                         \
      |                                    ^
/home/michaeladmin/code/fork/webview/core/tests/src/unit_tests.cc:95:3: note: in expansion of macro ‘REQUIRE’
   95 |   REQUIRE(!result<int>{error_info{}}.ok());
      |   ^~~~~~~
/home/michaeladmin/code/fork/webview/core/tests/src/unit_tests.cc:96:12: error: ‘result’ was not declared in this scope
   96 |   REQUIRE(!result<int>{error_info{}}.has_value());
      |            ^~~~~~
/home/michaeladmin/code/fork/webview/test_driver/include/test_driver.hh:90:26: note: in definition of macro ‘REQUIRE’
   90 |   if (!static_cast<bool>(condition)) {                                         \
      |                          ^~~~~~~~~
/home/michaeladmin/code/fork/webview/core/tests/src/unit_tests.cc:96:19: error: expected primary-expression before ‘int’
   96 |   REQUIRE(!result<int>{error_info{}}.has_value());
      |                   ^~~
/home/michaeladmin/code/fork/webview/test_driver/include/test_driver.hh:90:26: note: in definition of macro ‘REQUIRE’
   90 |   if (!static_cast<bool>(condition)) {                                         \
      |                          ^~~~~~~~~
/home/michaeladmin/code/fork/webview/core/tests/src/unit_tests.cc:96:18: warning: logical not is only applied to the left hand side of comparison [-Wlogical-not-parentheses]
   96 |   REQUIRE(!result<int>{error_info{}}.has_value());
      |                  ^
/home/michaeladmin/code/fork/webview/test_driver/include/test_driver.hh:90:26: note: in definition of macro ‘REQUIRE’
   90 |   if (!static_cast<bool>(condition)) {                                         \
      |                          ^~~~~~~~~
/home/michaeladmin/code/fork/webview/core/tests/src/unit_tests.cc:96:19: error: expected ‘)’ before ‘int’
   96 |   REQUIRE(!result<int>{error_info{}}.has_value());
      |                   ^~~
/home/michaeladmin/code/fork/webview/test_driver/include/test_driver.hh:90:26: note: in definition of macro ‘REQUIRE’
   90 |   if (!static_cast<bool>(condition)) {                                         \
      |                          ^~~~~~~~~
/home/michaeladmin/code/fork/webview/core/tests/src/unit_tests.cc:96:19: error: expected ‘)’ before ‘int’
   96 |   REQUIRE(!result<int>{error_info{}}.has_value());
      |                   ^~~
/home/michaeladmin/code/fork/webview/test_driver/include/test_driver.hh:90:26: note: in definition of macro ‘REQUIRE’
   90 |   if (!static_cast<bool>(condition)) {                                         \
      |                          ^~~~~~~~~
/home/michaeladmin/code/fork/webview/test_driver/include/test_driver.hh:90:6: note: to match this ‘(’
   90 |   if (!static_cast<bool>(condition)) {                                         \
      |      ^
/home/michaeladmin/code/fork/webview/core/tests/src/unit_tests.cc:96:3: note: in expansion of macro ‘REQUIRE’
   96 |   REQUIRE(!result<int>{error_info{}}.has_value());
      |   ^~~~~~~
/home/michaeladmin/code/fork/webview/test_driver/include/test_driver.hh:90:36: error: expected primary-expression before ‘)’ token
   90 |   if (!static_cast<bool>(condition)) {                                         \
      |                                    ^
/home/michaeladmin/code/fork/webview/core/tests/src/unit_tests.cc:96:3: note: in expansion of macro ‘REQUIRE’
   96 |   REQUIRE(!result<int>{error_info{}}.has_value());
      |   ^~~~~~~
/home/michaeladmin/code/fork/webview/core/tests/src/unit_tests.cc:97:11: error: ‘result’ was not declared in this scope
   97 |   REQUIRE(result<int>{error_info{}}.has_error());
      |           ^~~~~~
/home/michaeladmin/code/fork/webview/test_driver/include/test_driver.hh:90:26: note: in definition of macro ‘REQUIRE’
   90 |   if (!static_cast<bool>(condition)) {                                         \
      |                          ^~~~~~~~~
/home/michaeladmin/code/fork/webview/core/tests/src/unit_tests.cc:97:18: error: expected primary-expression before ‘int’
   97 |   REQUIRE(result<int>{error_info{}}.has_error());
      |                  ^~~
/home/michaeladmin/code/fork/webview/test_driver/include/test_driver.hh:90:26: note: in definition of macro ‘REQUIRE’
   90 |   if (!static_cast<bool>(condition)) {                                         \
      |                          ^~~~~~~~~
/home/michaeladmin/code/fork/webview/core/tests/src/unit_tests.cc:97:18: error: expected ‘)’ before ‘int’
   97 |   REQUIRE(result<int>{error_info{}}.has_error());
      |                  ^~~
/home/michaeladmin/code/fork/webview/test_driver/include/test_driver.hh:90:26: note: in definition of macro ‘REQUIRE’
   90 |   if (!static_cast<bool>(condition)) {                                         \
      |                          ^~~~~~~~~
/home/michaeladmin/code/fork/webview/core/tests/src/unit_tests.cc:97:18: error: expected ‘)’ before ‘int’
   97 |   REQUIRE(result<int>{error_info{}}.has_error());
      |                  ^~~
/home/michaeladmin/code/fork/webview/test_driver/include/test_driver.hh:90:26: note: in definition of macro ‘REQUIRE’
   90 |   if (!static_cast<bool>(condition)) {                                         \
      |                          ^~~~~~~~~
/home/michaeladmin/code/fork/webview/test_driver/include/test_driver.hh:90:6: note: to match this ‘(’
   90 |   if (!static_cast<bool>(condition)) {                                         \
      |      ^
/home/michaeladmin/code/fork/webview/core/tests/src/unit_tests.cc:97:3: note: in expansion of macro ‘REQUIRE’
   97 |   REQUIRE(result<int>{error_info{}}.has_error());
      |   ^~~~~~~
/home/michaeladmin/code/fork/webview/test_driver/include/test_driver.hh:90:36: error: expected primary-expression before ‘)’ token
   90 |   if (!static_cast<bool>(condition)) {                                         \
      |                                    ^
/home/michaeladmin/code/fork/webview/core/tests/src/unit_tests.cc:97:3: note: in expansion of macro ‘REQUIRE’
   97 |   REQUIRE(result<int>{error_info{}}.has_error());
      |   ^~~~~~~
/home/michaeladmin/code/fork/webview/core/tests/src/unit_tests.cc:99:28: error: ‘result’ was not declared in this scope
   99 |   auto result_with_error = result<int>{
      |                            ^~~~~~
/home/michaeladmin/code/fork/webview/core/tests/src/unit_tests.cc:99:35: error: expected primary-expression before ‘int’
   99 |   auto result_with_error = result<int>{
      |                                   ^~~
/home/michaeladmin/code/fork/webview/core/tests/src/unit_tests.cc: In lambda function:
/home/michaeladmin/code/fork/webview/core/tests/src/unit_tests.cc:104:34: error: ‘result’ is not captured
  104 |   REQUIRE_THROW(bad_access, [] { result<int>{}.error(); });
      |                                  ^~~~~~
/home/michaeladmin/code/fork/webview/test_driver/include/test_driver.hh:105:7: note: in definition of macro ‘REQUIRE_THROW’
  105 |       fn();                                                                    \
      |       ^~
/home/michaeladmin/code/fork/webview/core/tests/src/unit_tests.cc:104:30: note: the lambda has no capture-default
  104 |   REQUIRE_THROW(bad_access, [] { result<int>{}.error(); });
      |                              ^
/home/michaeladmin/code/fork/webview/test_driver/include/test_driver.hh:105:7: note: in definition of macro ‘REQUIRE_THROW’
  105 |       fn();                                                                    \
      |       ^~
/home/michaeladmin/code/fork/webview/core/tests/src/unit_tests.cc:99:28: note: ‘<typeprefixerror>result’ declared here
   99 |   auto result_with_error = result<int>{
      |                            ^~~~~~
/home/michaeladmin/code/fork/webview/core/tests/src/unit_tests.cc:104:41: error: expected primary-expression before ‘int’
  104 |   REQUIRE_THROW(bad_access, [] { result<int>{}.error(); });
      |                                         ^~~
/home/michaeladmin/code/fork/webview/test_driver/include/test_driver.hh:105:7: note: in definition of macro ‘REQUIRE_THROW’
  105 |       fn();                                                                    \
      |       ^~
/home/michaeladmin/code/fork/webview/core/tests/src/unit_tests.cc:104:47: error: expected primary-expression before ‘.’ token
  104 |   REQUIRE_THROW(bad_access, [] { result<int>{}.error(); });
      |                                               ^
/home/michaeladmin/code/fork/webview/test_driver/include/test_driver.hh:105:7: note: in definition of macro ‘REQUIRE_THROW’
  105 |       fn();                                                                    \
      |       ^~
/home/michaeladmin/code/fork/webview/core/tests/src/unit_tests.cc: In function ‘void webview_test_driver_case_83()’:
/home/michaeladmin/code/fork/webview/core/tests/src/unit_tests.cc:104:17: error: ISO C++ forbids declaration of ‘bad_access’ with no type [-fpermissive]
  104 |   REQUIRE_THROW(bad_access, [] { result<int>{}.error(); });
      |                 ^~~~~~~~~~
/home/michaeladmin/code/fork/webview/test_driver/include/test_driver.hh:106:20: note: in definition of macro ‘REQUIRE_THROW’
  106 |     } catch (const exception &) {                                              \
      |                    ^~~~~~~~~
/home/michaeladmin/code/fork/webview/test_driver/include/test_driver.hh:106:30: error: expected ‘)’ before ‘&’ token
  106 |     } catch (const exception &) {                                              \
      |             ~                ^
/home/michaeladmin/code/fork/webview/core/tests/src/unit_tests.cc:104:3: note: in expansion of macro ‘REQUIRE_THROW’
  104 |   REQUIRE_THROW(bad_access, [] { result<int>{}.error(); });
      |   ^~~~~~~~~~~~~
/home/michaeladmin/code/fork/webview/test_driver/include/test_driver.hh:106:30: error: expected ‘{’ before ‘&’ token
  106 |     } catch (const exception &) {                                              \
      |                              ^
/home/michaeladmin/code/fork/webview/core/tests/src/unit_tests.cc:104:3: note: in expansion of macro ‘REQUIRE_THROW’
  104 |   REQUIRE_THROW(bad_access, [] { result<int>{}.error(); });
      |   ^~~~~~~~~~~~~
/home/michaeladmin/code/fork/webview/test_driver/include/test_driver.hh:106:31: error: expected primary-expression before ‘)’ token
  106 |     } catch (const exception &) {                                              \
      |                               ^
/home/michaeladmin/code/fork/webview/core/tests/src/unit_tests.cc:104:3: note: in expansion of macro ‘REQUIRE_THROW’
  104 |   REQUIRE_THROW(bad_access, [] { result<int>{}.error(); });
      |   ^~~~~~~~~~~~~
/home/michaeladmin/code/fork/webview/core/tests/src/unit_tests.cc: In function ‘void webview_test_driver_case_107()’:
/home/michaeladmin/code/fork/webview/core/tests/src/unit_tests.cc:108:28: error: ‘detail’ is not a namespace-name
  108 |   using namespace webview::detail;
      |                            ^~~~~~
/home/michaeladmin/code/fork/webview/core/tests/src/unit_tests.cc:111:12: error: ‘noresult’ was not declared in this scope
  111 |   REQUIRE(!noresult{}.has_error());
      |            ^~~~~~~~
/home/michaeladmin/code/fork/webview/test_driver/include/test_driver.hh:90:26: note: in definition of macro ‘REQUIRE’
   90 |   if (!static_cast<bool>(condition)) {                                         \
      |                          ^~~~~~~~~
/home/michaeladmin/code/fork/webview/core/tests/src/unit_tests.cc:111:20: error: expected ‘)’ before ‘{’ token
  111 |   REQUIRE(!noresult{}.has_error());
      |                    ^
/home/michaeladmin/code/fork/webview/test_driver/include/test_driver.hh:90:26: note: in definition of macro ‘REQUIRE’
   90 |   if (!static_cast<bool>(condition)) {                                         \
      |                          ^~~~~~~~~
/home/michaeladmin/code/fork/webview/core/tests/src/unit_tests.cc:111:20: error: expected ‘)’ before ‘{’ token
  111 |   REQUIRE(!noresult{}.has_error());
      |                    ^
/home/michaeladmin/code/fork/webview/test_driver/include/test_driver.hh:90:26: note: in definition of macro ‘REQUIRE’
   90 |   if (!static_cast<bool>(condition)) {                                         \
      |                          ^~~~~~~~~
/home/michaeladmin/code/fork/webview/test_driver/include/test_driver.hh:90:6: note: to match this ‘(’
   90 |   if (!static_cast<bool>(condition)) {                                         \
      |      ^
/home/michaeladmin/code/fork/webview/core/tests/src/unit_tests.cc:111:3: note: in expansion of macro ‘REQUIRE’
  111 |   REQUIRE(!noresult{}.has_error());
      |   ^~~~~~~
/home/michaeladmin/code/fork/webview/test_driver/include/test_driver.hh:90:36: error: expected primary-expression before ‘)’ token
   90 |   if (!static_cast<bool>(condition)) {                                         \
      |                                    ^
/home/michaeladmin/code/fork/webview/core/tests/src/unit_tests.cc:111:3: note: in expansion of macro ‘REQUIRE’
  111 |   REQUIRE(!noresult{}.has_error());
      |   ^~~~~~~
/home/michaeladmin/code/fork/webview/core/tests/src/unit_tests.cc:112:11: error: ‘noresult’ was not declared in this scope
  112 |   REQUIRE(noresult{}.ok());
      |           ^~~~~~~~
/home/michaeladmin/code/fork/webview/test_driver/include/test_driver.hh:90:26: note: in definition of macro ‘REQUIRE’
   90 |   if (!static_cast<bool>(condition)) {                                         \
      |                          ^~~~~~~~~
/home/michaeladmin/code/fork/webview/core/tests/src/unit_tests.cc:112:19: error: expected ‘)’ before ‘{’ token
  112 |   REQUIRE(noresult{}.ok());
      |                   ^
/home/michaeladmin/code/fork/webview/test_driver/include/test_driver.hh:90:26: note: in definition of macro ‘REQUIRE’
   90 |   if (!static_cast<bool>(condition)) {                                         \
      |                          ^~~~~~~~~
/home/michaeladmin/code/fork/webview/core/tests/src/unit_tests.cc:112:19: error: expected ‘)’ before ‘{’ token
  112 |   REQUIRE(noresult{}.ok());
      |                   ^
/home/michaeladmin/code/fork/webview/test_driver/include/test_driver.hh:90:26: note: in definition of macro ‘REQUIRE’
   90 |   if (!static_cast<bool>(condition)) {                                         \
      |                          ^~~~~~~~~
/home/michaeladmin/code/fork/webview/test_driver/include/test_driver.hh:90:6: note: to match this ‘(’
   90 |   if (!static_cast<bool>(condition)) {                                         \
      |      ^
/home/michaeladmin/code/fork/webview/core/tests/src/unit_tests.cc:112:3: note: in expansion of macro ‘REQUIRE’
  112 |   REQUIRE(noresult{}.ok());
      |   ^~~~~~~
/home/michaeladmin/code/fork/webview/test_driver/include/test_driver.hh:90:36: error: expected primary-expression before ‘)’ token
   90 |   if (!static_cast<bool>(condition)) {                                         \
      |                                    ^
/home/michaeladmin/code/fork/webview/core/tests/src/unit_tests.cc:112:3: note: in expansion of macro ‘REQUIRE’
  112 |   REQUIRE(noresult{}.ok());
      |   ^~~~~~~
/home/michaeladmin/code/fork/webview/core/tests/src/unit_tests.cc:113:12: error: ‘noresult’ was not declared in this scope
  113 |   REQUIRE(!noresult{error_info{}}.ok());
      |            ^~~~~~~~
/home/michaeladmin/code/fork/webview/test_driver/include/test_driver.hh:90:26: note: in definition of macro ‘REQUIRE’
   90 |   if (!static_cast<bool>(condition)) {                                         \
      |                          ^~~~~~~~~
/home/michaeladmin/code/fork/webview/core/tests/src/unit_tests.cc:113:20: error: expected ‘)’ before ‘{’ token
  113 |   REQUIRE(!noresult{error_info{}}.ok());
      |                    ^
/home/michaeladmin/code/fork/webview/test_driver/include/test_driver.hh:90:26: note: in definition of macro ‘REQUIRE’
   90 |   if (!static_cast<bool>(condition)) {                                         \
      |                          ^~~~~~~~~
/home/michaeladmin/code/fork/webview/core/tests/src/unit_tests.cc:113:20: error: expected ‘)’ before ‘{’ token
  113 |   REQUIRE(!noresult{error_info{}}.ok());
      |                    ^
/home/michaeladmin/code/fork/webview/test_driver/include/test_driver.hh:90:26: note: in definition of macro ‘REQUIRE’
   90 |   if (!static_cast<bool>(condition)) {                                         \
      |                          ^~~~~~~~~
/home/michaeladmin/code/fork/webview/test_driver/include/test_driver.hh:90:6: note: to match this ‘(’
   90 |   if (!static_cast<bool>(condition)) {                                         \
      |      ^
/home/michaeladmin/code/fork/webview/core/tests/src/unit_tests.cc:113:3: note: in expansion of macro ‘REQUIRE’
  113 |   REQUIRE(!noresult{error_info{}}.ok());
      |   ^~~~~~~
/home/michaeladmin/code/fork/webview/test_driver/include/test_driver.hh:90:36: error: expected primary-expression before ‘)’ token
   90 |   if (!static_cast<bool>(condition)) {                                         \
      |                                    ^
/home/michaeladmin/code/fork/webview/core/tests/src/unit_tests.cc:113:3: note: in expansion of macro ‘REQUIRE’
  113 |   REQUIRE(!noresult{error_info{}}.ok());
      |   ^~~~~~~
/home/michaeladmin/code/fork/webview/core/tests/src/unit_tests.cc:114:11: error: ‘noresult’ was not declared in this scope
  114 |   REQUIRE(noresult{error_info{}}.has_error());
      |           ^~~~~~~~
/home/michaeladmin/code/fork/webview/test_driver/include/test_driver.hh:90:26: note: in definition of macro ‘REQUIRE’
   90 |   if (!static_cast<bool>(condition)) {                                         \
      |                          ^~~~~~~~~
/home/michaeladmin/code/fork/webview/core/tests/src/unit_tests.cc:114:19: error: expected ‘)’ before ‘{’ token
  114 |   REQUIRE(noresult{error_info{}}.has_error());
      |                   ^
/home/michaeladmin/code/fork/webview/test_driver/include/test_driver.hh:90:26: note: in definition of macro ‘REQUIRE’
   90 |   if (!static_cast<bool>(condition)) {                                         \
      |                          ^~~~~~~~~
/home/michaeladmin/code/fork/webview/core/tests/src/unit_tests.cc:114:19: error: expected ‘)’ before ‘{’ token
  114 |   REQUIRE(noresult{error_info{}}.has_error());
      |                   ^
/home/michaeladmin/code/fork/webview/test_driver/include/test_driver.hh:90:26: note: in definition of macro ‘REQUIRE’
   90 |   if (!static_cast<bool>(condition)) {                                         \
      |                          ^~~~~~~~~
/home/michaeladmin/code/fork/webview/test_driver/include/test_driver.hh:90:6: note: to match this ‘(’
   90 |   if (!static_cast<bool>(condition)) {                                         \
      |      ^
/home/michaeladmin/code/fork/webview/core/tests/src/unit_tests.cc:114:3: note: in expansion of macro ‘REQUIRE’
  114 |   REQUIRE(noresult{error_info{}}.has_error());
      |   ^~~~~~~
/home/michaeladmin/code/fork/webview/test_driver/include/test_driver.hh:90:36: error: expected primary-expression before ‘)’ token
   90 |   if (!static_cast<bool>(condition)) {                                         \
      |                                    ^
/home/michaeladmin/code/fork/webview/core/tests/src/unit_tests.cc:114:3: note: in expansion of macro ‘REQUIRE’
  114 |   REQUIRE(noresult{error_info{}}.has_error());
      |   ^~~~~~~
/home/michaeladmin/code/fork/webview/core/tests/src/unit_tests.cc:117:7: error: ‘noresult’ was not declared in this scope
  117 |       noresult{error_info{WEBVIEW_ERROR_INVALID_ARGUMENT, "invalid argument"}};
      |       ^~~~~~~~
/home/michaeladmin/code/fork/webview/core/tests/src/unit_tests.cc: In lambda function:
/home/michaeladmin/code/fork/webview/core/tests/src/unit_tests.cc:121:34: error: ‘noresult’ is not captured
  121 |   REQUIRE_THROW(bad_access, [] { noresult{}.error(); });
      |                                  ^~~~~~~~
/home/michaeladmin/code/fork/webview/test_driver/include/test_driver.hh:105:7: note: in definition of macro ‘REQUIRE_THROW’
  105 |       fn();                                                                    \
      |       ^~
/home/michaeladmin/code/fork/webview/core/tests/src/unit_tests.cc:121:30: note: the lambda has no capture-default
  121 |   REQUIRE_THROW(bad_access, [] { noresult{}.error(); });
      |                              ^
/home/michaeladmin/code/fork/webview/test_driver/include/test_driver.hh:105:7: note: in definition of macro ‘REQUIRE_THROW’
  105 |       fn();                                                                    \
      |       ^~
/home/michaeladmin/code/fork/webview/core/tests/src/unit_tests.cc:117:7: note: ‘<typeprefixerror>noresult’ declared here
  117 |       noresult{error_info{WEBVIEW_ERROR_INVALID_ARGUMENT, "invalid argument"}};
      |       ^~~~~~~~
/home/michaeladmin/code/fork/webview/core/tests/src/unit_tests.cc:121:44: error: expected primary-expression before ‘.’ token
  121 |   REQUIRE_THROW(bad_access, [] { noresult{}.error(); });
      |                                            ^
/home/michaeladmin/code/fork/webview/test_driver/include/test_driver.hh:105:7: note: in definition of macro ‘REQUIRE_THROW’
  105 |       fn();                                                                    \
      |       ^~
/home/michaeladmin/code/fork/webview/core/tests/src/unit_tests.cc: In function ‘void webview_test_driver_case_107()’:
/home/michaeladmin/code/fork/webview/core/tests/src/unit_tests.cc:121:17: error: ISO C++ forbids declaration of ‘bad_access’ with no type [-fpermissive]
  121 |   REQUIRE_THROW(bad_access, [] { noresult{}.error(); });
      |                 ^~~~~~~~~~
/home/michaeladmin/code/fork/webview/test_driver/include/test_driver.hh:106:20: note: in definition of macro ‘REQUIRE_THROW’
  106 |     } catch (const exception &) {                                              \
      |                    ^~~~~~~~~
/home/michaeladmin/code/fork/webview/test_driver/include/test_driver.hh:106:30: error: expected ‘)’ before ‘&’ token
  106 |     } catch (const exception &) {                                              \
      |             ~                ^
/home/michaeladmin/code/fork/webview/core/tests/src/unit_tests.cc:121:3: note: in expansion of macro ‘REQUIRE_THROW’
  121 |   REQUIRE_THROW(bad_access, [] { noresult{}.error(); });
      |   ^~~~~~~~~~~~~
/home/michaeladmin/code/fork/webview/test_driver/include/test_driver.hh:106:30: error: expected ‘{’ before ‘&’ token
  106 |     } catch (const exception &) {                                              \
      |                              ^
/home/michaeladmin/code/fork/webview/core/tests/src/unit_tests.cc:121:3: note: in expansion of macro ‘REQUIRE_THROW’
  121 |   REQUIRE_THROW(bad_access, [] { noresult{}.error(); });
      |   ^~~~~~~~~~~~~
/home/michaeladmin/code/fork/webview/test_driver/include/test_driver.hh:106:31: error: expected primary-expression before ‘)’ token
  106 |     } catch (const exception &) {                                              \
      |                               ^
/home/michaeladmin/code/fork/webview/core/tests/src/unit_tests.cc:121:3: note: in expansion of macro ‘REQUIRE_THROW’
  121 |   REQUIRE_THROW(bad_access, [] { noresult{}.error(); });
      |   ^~~~~~~~~~~~~
[9/19] Building CXX object test_driver/CMakeFiles/webview_test_driver.dir/Debug/src/test_driver.cc.o
ninja: build stopped: subcommand failed.
